2025-08-13 16:46:31,468 - __main__ - INFO - Connected to HANA schema '7CE65397CFF34930969986A8F384826E' on fdddfefe-e600-4b7f-b032-4f8fd05ec060.hna0.prod-us10.hanacloud.ondemand.com:443
2025-08-13 16:46:32,388 - __main__ - DEBUG - Loaded 136 valid tables
2025-08-13 16:46:33,427 - __main__ - DEBUG - Loaded 292 valid columns
2025-08-13 16:46:33,427 - asyncio - DEBUG - Using proactor: IocpProactor
2025-08-13 16:46:33,427 - __main__ - INFO - Starting MCP server
2025-08-13 16:46:33,427 - asyncio - ERROR - Exception in callback _ProactorReadPipeTransport._loop_reading()
handle: <Handle _ProactorReadPipeTransport._loop_reading()>
Traceback (most recent call last):
  File "C:\Users\Ammu\AppData\Local\Programs\Python\Python311\Lib\asyncio\proactor_events.py", line 301, in _loop_reading
    self._read_fut = self._loop._proactor.recv_into(self._sock, self._data)
                     ^^^^^^^^^^^^^^^^^^^^^^^^^^^^^^^^^^^^^^^^^^^^^^^^^^^^^^
  File "C:\Users\Ammu\AppData\Local\Programs\Python\Python311\Lib\asyncio\windows_events.py", line 473, in recv_into
    self._register_with_iocp(conn)
  File "C:\Users\Ammu\AppData\Local\Programs\Python\Python311\Lib\asyncio\windows_events.py", line 743, in _register_with_iocp
    _overlapped.CreateIoCompletionPort(obj.fileno(), self._iocp, 0, 0)
OSError: [WinError 6] The handle is invalid

During handling of the above exception, another exception occurred:

Traceback (most recent call last):
  File "C:\Users\Ammu\AppData\Local\Programs\Python\Python311\Lib\asyncio\events.py", line 80, in _run
    self._context.run(self._callback, *self._args)
  File "C:\Users\Ammu\AppData\Local\Programs\Python\Python311\Lib\asyncio\proactor_events.py", line 311, in _loop_reading
    self._fatal_error(exc, 'Fatal read error on pipe transport')
  File "C:\Users\Ammu\AppData\Local\Programs\Python\Python311\Lib\asyncio\proactor_events.py", line 131, in _fatal_error
    self._force_close(exc)
  File "C:\Users\Ammu\AppData\Local\Programs\Python\Python311\Lib\asyncio\proactor_events.py", line 134, in _force_close
    if self._empty_waiter is not None and not self._empty_waiter.done():
       ^^^^^^^^^^^^^^^^^^
AttributeError: '_ProactorReadPipeTransport' object has no attribute '_empty_waiter'
2025-08-13 16:47:03,452 - __main__ - ERROR - Timeout waiting for stdin input
2025-08-13 16:47:03,708 - __main__ - INFO - Database connection closed
